2024-12-06T11:07:49.510+05:30  INFO 21236 --- [smartparking] [main] c.e.s.SmartparkingApplication            : Starting SmartparkingApplication using Java 18.0.2 with PID 21236 (C:\Users\PUSHPAK\Downloads\smartparking\smartparking\target\classes started by PUSHPAK in C:\Users\PUSHPAK\Downloads\smartparking\smartparking)
2024-12-06T11:07:49.516+05:30 DEBUG 21236 --- [smartparking] [main] c.e.s.SmartparkingApplication            : Running with Spring Boot v3.4.0, Spring v6.2.0
2024-12-06T11:07:49.517+05:30  INFO 21236 --- [smartparking] [main] c.e.s.SmartparkingApplication            : The following 1 profile is active: "sql"
2024-12-06T11:07:50.340+05:30  INFO 21236 --- [smartparking] [main] .s.d.r.c.RepositoryConfigurationDelegate : Bootstrapping Spring Data JPA repositories in DEFAULT mode.
2024-12-06T11:07:50.417+05:30  INFO 21236 --- [smartparking] [main] .s.d.r.c.RepositoryConfigurationDelegate : Finished Spring Data repository scanning in 66 ms. Found 4 JPA repository interfaces.
2024-12-06T11:07:51.294+05:30  INFO 21236 --- [smartparking] [main] o.s.b.w.embedded.tomcat.TomcatWebServer  : Tomcat initialized with port 8080 (http)
2024-12-06T11:07:51.312+05:30  INFO 21236 --- [smartparking] [main] o.apache.catalina.core.StandardService   : Starting service [Tomcat]
2024-12-06T11:07:51.312+05:30  INFO 21236 --- [smartparking] [main] o.apache.catalina.core.StandardEngine    : Starting Servlet engine: [Apache Tomcat/10.1.33]
2024-12-06T11:07:51.377+05:30  INFO 21236 --- [smartparking] [main] o.a.c.c.C.[Tomcat].[localhost].[/]       : Initializing Spring embedded WebApplicationContext
2024-12-06T11:07:51.377+05:30  INFO 21236 --- [smartparking] [main] w.s.c.ServletWebServerApplicationContext : Root WebApplicationContext: initialization completed in 1814 ms
2024-12-06T11:07:51.650+05:30  INFO 21236 --- [smartparking] [main] o.hibernate.jpa.internal.util.LogHelper  : HHH000204: Processing PersistenceUnitInfo [name: default]
2024-12-06T11:07:51.748+05:30  INFO 21236 --- [smartparking] [main] org.hibernate.Version                    : HHH000412: Hibernate ORM core version 6.6.2.Final
2024-12-06T11:07:51.798+05:30  INFO 21236 --- [smartparking] [main] o.h.c.internal.RegionFactoryInitiator    : HHH000026: Second-level cache disabled
2024-12-06T11:07:52.155+05:30  INFO 21236 --- [smartparking] [main] o.s.o.j.p.SpringPersistenceUnitInfo      : No LoadTimeWeaver setup: ignoring JPA class transformer
2024-12-06T11:07:52.193+05:30  INFO 21236 --- [smartparking] [main] com.zaxxer.hikari.HikariDataSource       : HikariPool-1 - Starting...
2024-12-06T11:07:52.555+05:30  INFO 21236 --- [smartparking] [main] com.zaxxer.hikari.pool.HikariPool        : HikariPool-1 - Added connection com.mysql.cj.jdbc.ConnectionImpl@1e606f64
2024-12-06T11:07:52.557+05:30  INFO 21236 --- [smartparking] [main] com.zaxxer.hikari.HikariDataSource       : HikariPool-1 - Start completed.
2024-12-06T11:07:52.641+05:30  INFO 21236 --- [smartparking] [main] org.hibernate.orm.connections.pooling    : HHH10001005: Database info:
	Database JDBC URL [Connecting through datasource 'HikariDataSource (HikariPool-1)']
	Database driver: undefined/unknown
	Database version: 8.0.30
	Autocommit mode: undefined/unknown
	Isolation level: undefined/unknown
	Minimum pool size: undefined/unknown
	Maximum pool size: undefined/unknown
2024-12-06T11:07:53.611+05:30  INFO 21236 --- [smartparking] [main] o.h.e.t.j.p.i.JtaPlatformInitiator       : HHH000489: No JTA platform available (set 'hibernate.transaction.jta.platform' to enable JTA platform integration)
2024-12-06T11:07:53.983+05:30  INFO 21236 --- [smartparking] [main] j.LocalContainerEntityManagerFactoryBean : Initialized JPA EntityManagerFactory for persistence unit 'default'
2024-12-06T11:07:54.788+05:30  WARN 21236 --- [smartparking] [main] JpaBaseConfiguration$JpaWebConfiguration : spring.jpa.open-in-view is enabled by default. Therefore, database queries may be performed during view rendering. Explicitly configure spring.jpa.open-in-view to disable this warning
2024-12-06T11:07:55.471+05:30  INFO 21236 --- [smartparking] [main] o.s.b.w.embedded.tomcat.TomcatWebServer  : Tomcat started on port 8080 (http) with context path '/'
2024-12-06T11:07:55.479+05:30  INFO 21236 --- [smartparking] [main] c.e.s.SmartparkingApplication            : Started SmartparkingApplication in 6.531 seconds (process running for 7.021)
2024-12-06T11:08:18.169+05:30  INFO 21236 --- [smartparking] [http-nio-8080-exec-2] o.a.c.c.C.[Tomcat].[localhost].[/]       : Initializing Spring DispatcherServlet 'dispatcherServlet'
2024-12-06T11:08:18.170+05:30  INFO 21236 --- [smartparking] [http-nio-8080-exec-2] o.s.web.servlet.DispatcherServlet        : Initializing Servlet 'dispatcherServlet'
2024-12-06T11:08:18.172+05:30  INFO 21236 --- [smartparking] [http-nio-8080-exec-2] o.s.web.servlet.DispatcherServlet        : Completed initialization in 1 ms
2024-12-06T11:08:18.276+05:30  INFO 21236 --- [smartparking] [http-nio-8080-exec-2] c.e.smartparking.aspect.LoggingAspect    : Entering method: UserDTO com.example.smartparking.controller.UserController.registerUser(UserDTO) with arguments: [com.example.smartparking.dto.UserDTO@1644b671]
2024-12-06T11:08:18.276+05:30 DEBUG 21236 --- [smartparking] [http-nio-8080-exec-2] c.e.smartparking.aspect.LoggingAspect    : Service method invoked: UserDTO com.example.smartparking.service.UserServiceimpl.registerUser(UserDTO) with arguments: [com.example.smartparking.dto.UserDTO@1644b671]
2024-12-06T11:08:18.395+05:30 DEBUG 21236 --- [smartparking] [http-nio-8080-exec-2] c.e.smartparking.aspect.LoggingAspect    : Service method finished: UserDTO com.example.smartparking.service.UserServiceimpl.registerUser(UserDTO) with result: com.example.smartparking.dto.UserDTO@16e5313f
2024-12-06T11:08:18.396+05:30  INFO 21236 --- [smartparking] [http-nio-8080-exec-2] c.e.smartparking.aspect.LoggingAspect    : Exiting method: UserDTO com.example.smartparking.controller.UserController.registerUser(UserDTO) with result: com.example.smartparking.dto.UserDTO@16e5313f
2024-12-06T11:08:21.391+05:30  INFO 21236 --- [smartparking] [http-nio-8080-exec-3] c.e.smartparking.aspect.LoggingAspect    : Entering method: UserDTO com.example.smartparking.controller.UserController.registerUser(UserDTO) with arguments: [com.example.smartparking.dto.UserDTO@bc6fa00]
2024-12-06T11:08:21.391+05:30 DEBUG 21236 --- [smartparking] [http-nio-8080-exec-3] c.e.smartparking.aspect.LoggingAspect    : Service method invoked: UserDTO com.example.smartparking.service.UserServiceimpl.registerUser(UserDTO) with arguments: [com.example.smartparking.dto.UserDTO@bc6fa00]
2024-12-06T11:08:21.396+05:30 DEBUG 21236 --- [smartparking] [http-nio-8080-exec-3] c.e.smartparking.aspect.LoggingAspect    : Service method finished: UserDTO com.example.smartparking.service.UserServiceimpl.registerUser(UserDTO) with result: com.example.smartparking.dto.UserDTO@28445fd9
2024-12-06T11:08:21.396+05:30  INFO 21236 --- [smartparking] [http-nio-8080-exec-3] c.e.smartparking.aspect.LoggingAspect    : Exiting method: UserDTO com.example.smartparking.controller.UserController.registerUser(UserDTO) with result: com.example.smartparking.dto.UserDTO@28445fd9
2024-12-06T11:08:23.855+05:30  INFO 21236 --- [smartparking] [http-nio-8080-exec-4] c.e.smartparking.aspect.LoggingAspect    : Entering method: ParkingSlot com.example.smartparking.controller.ParkingController.addslot(ParkingSlot) with arguments: [ParkingSlot(id=0, slotNumber=1, level=Level 1, isAvailable=true, vehicleType=Bike)]
2024-12-06T11:08:23.858+05:30 DEBUG 21236 --- [smartparking] [http-nio-8080-exec-4] c.e.smartparking.aspect.LoggingAspect    : Service method invoked: ParkingSlot com.example.smartparking.service.ParkingServiceimpl.addSlot(ParkingSlot) with arguments: [ParkingSlot(id=0, slotNumber=1, level=Level 1, isAvailable=true, vehicleType=Bike)]
2024-12-06T11:08:23.866+05:30 DEBUG 21236 --- [smartparking] [http-nio-8080-exec-4] c.e.smartparking.aspect.LoggingAspect    : Service method finished: ParkingSlot com.example.smartparking.service.ParkingServiceimpl.addSlot(ParkingSlot) with result: ParkingSlot(id=1, slotNumber=1, level=Level 1, isAvailable=true, vehicleType=Bike)
2024-12-06T11:08:23.866+05:30  INFO 21236 --- [smartparking] [http-nio-8080-exec-4] c.e.smartparking.aspect.LoggingAspect    : Exiting method: ParkingSlot com.example.smartparking.controller.ParkingController.addslot(ParkingSlot) with result: ParkingSlot(id=1, slotNumber=1, level=Level 1, isAvailable=true, vehicleType=Bike)
2024-12-06T11:08:51.120+05:30  INFO 21236 --- [smartparking] [http-nio-8080-exec-5] c.e.smartparking.aspect.LoggingAspect    : Entering method: ParkingSlot com.example.smartparking.controller.ParkingController.addslot(ParkingSlot) with arguments: [ParkingSlot(id=0, slotNumber=2, level=Level 1, isAvailable=true, vehicleType=Car)]
2024-12-06T11:08:51.120+05:30 DEBUG 21236 --- [smartparking] [http-nio-8080-exec-5] c.e.smartparking.aspect.LoggingAspect    : Service method invoked: ParkingSlot com.example.smartparking.service.ParkingServiceimpl.addSlot(ParkingSlot) with arguments: [ParkingSlot(id=0, slotNumber=2, level=Level 1, isAvailable=true, vehicleType=Car)]
2024-12-06T11:08:51.123+05:30 DEBUG 21236 --- [smartparking] [http-nio-8080-exec-5] c.e.smartparking.aspect.LoggingAspect    : Service method finished: ParkingSlot com.example.smartparking.service.ParkingServiceimpl.addSlot(ParkingSlot) with result: ParkingSlot(id=2, slotNumber=2, level=Level 1, isAvailable=true, vehicleType=Car)
2024-12-06T11:08:51.124+05:30  INFO 21236 --- [smartparking] [http-nio-8080-exec-5] c.e.smartparking.aspect.LoggingAspect    : Exiting method: ParkingSlot com.example.smartparking.controller.ParkingController.addslot(ParkingSlot) with result: ParkingSlot(id=2, slotNumber=2, level=Level 1, isAvailable=true, vehicleType=Car)
2024-12-06T11:08:56.398+05:30  INFO 21236 --- [smartparking] [http-nio-8080-exec-6] c.e.smartparking.aspect.LoggingAspect    : Entering method: Reservation com.example.smartparking.controller.ReservationController.createReservation(ReservationDTO) with arguments: [com.example.smartparking.dto.ReservationDTO@5313c83a]
2024-12-06T11:08:56.398+05:30 DEBUG 21236 --- [smartparking] [http-nio-8080-exec-6] c.e.smartparking.aspect.LoggingAspect    : Service method invoked: Reservation com.example.smartparking.service.ReservationServiceimpl.createReservation(Long,Long,String,LocalDateTime,LocalDateTime) with arguments: [1, 1, MH12AB1234, 2024-12-05T09:00, 2024-12-05T12:00]
2024-12-06T11:08:56.399+05:30 DEBUG 21236 --- [smartparking] [http-nio-8080-exec-6] c.e.smartparking.aspect.LoggingAspect    : Service method invoked: ParkingSlot com.example.smartparking.service.ParkingServiceimpl.reservationParking(long) with arguments: [1]
2024-12-06T11:08:56.447+05:30 DEBUG 21236 --- [smartparking] [http-nio-8080-exec-6] c.e.smartparking.aspect.LoggingAspect    : Service method finished: ParkingSlot com.example.smartparking.service.ParkingServiceimpl.reservationParking(long) with result: ParkingSlot(id=1, slotNumber=1, level=Level 1, isAvailable=false, vehicleType=Bike)
2024-12-06T11:08:56.448+05:30 DEBUG 21236 --- [smartparking] [http-nio-8080-exec-6] c.e.smartparking.aspect.LoggingAspect    : Service method invoked: User com.example.smartparking.service.UserServiceimpl.getUserById(Long) with arguments: [1]
2024-12-06T11:08:56.456+05:30 DEBUG 21236 --- [smartparking] [http-nio-8080-exec-6] c.e.smartparking.aspect.LoggingAspect    : Service method finished: User com.example.smartparking.service.UserServiceimpl.getUserById(Long) with result: User(id=1, name=Smit  deore, email=deorepushpakk@gmail.com, phone=8080685915, reservations=[], registeredVehicles=[MH12AB1234, MH131415])
2024-12-06T11:08:56.478+05:30 DEBUG 21236 --- [smartparking] [http-nio-8080-exec-6] c.e.smartparking.aspect.LoggingAspect    : Service method invoked: Bill com.example.smartparking.service.BillServiceimpl.generateBill(Reservation) with arguments: [Reservation(id=1, user=null, parkingSlot=ParkingSlot(id=1, slotNumber=1, level=Level 1, isAvailable=false, vehicleType=Bike), vehicleNumber=MH12AB1234, startTime=2024-12-05T09:00, endTime=2024-12-05T12:00, status=Active)]
2024-12-06T11:08:56.489+05:30 DEBUG 21236 --- [smartparking] [http-nio-8080-exec-6] c.e.smartparking.aspect.LoggingAspect    : Service method finished: Bill com.example.smartparking.service.BillServiceimpl.generateBill(Reservation) with result: Bill(id=1, reservation=Reservation(id=1, user=null, parkingSlot=ParkingSlot(id=1, slotNumber=1, level=Level 1, isAvailable=false, vehicleType=Bike), vehicleNumber=MH12AB1234, startTime=2024-12-05T09:00, endTime=2024-12-05T12:00, status=Active), amount=3.0, paymentStatus=Unpaid)
2024-12-06T11:08:56.490+05:30 DEBUG 21236 --- [smartparking] [http-nio-8080-exec-6] c.e.smartparking.aspect.LoggingAspect    : Service method finished: Reservation com.example.smartparking.service.ReservationServiceimpl.createReservation(Long,Long,String,LocalDateTime,LocalDateTime) with result: Reservation(id=1, user=null, parkingSlot=ParkingSlot(id=1, slotNumber=1, level=Level 1, isAvailable=false, vehicleType=Bike), vehicleNumber=MH12AB1234, startTime=2024-12-05T09:00, endTime=2024-12-05T12:00, status=Active)
2024-12-06T11:08:56.490+05:30  INFO 21236 --- [smartparking] [http-nio-8080-exec-6] c.e.smartparking.aspect.LoggingAspect    : Exiting method: Reservation com.example.smartparking.controller.ReservationController.createReservation(ReservationDTO) with result: Reservation(id=1, user=null, parkingSlot=ParkingSlot(id=1, slotNumber=1, level=Level 1, isAvailable=false, vehicleType=Bike), vehicleNumber=MH12AB1234, startTime=2024-12-05T09:00, endTime=2024-12-05T12:00, status=Active)
2024-12-06T11:10:00.734+05:30  INFO 21236 --- [smartparking] [http-nio-8080-exec-1] c.e.smartparking.aspect.LoggingAspect    : Entering method: ParkingSlot com.example.smartparking.controller.ParkingController.addslot(ParkingSlot) with arguments: [ParkingSlot(id=0, slotNumber=2, level=Level 1, isAvailable=true, vehicleType=Car)]
2024-12-06T11:10:00.735+05:30 DEBUG 21236 --- [smartparking] [http-nio-8080-exec-1] c.e.smartparking.aspect.LoggingAspect    : Service method invoked: ParkingSlot com.example.smartparking.service.ParkingServiceimpl.addSlot(ParkingSlot) with arguments: [ParkingSlot(id=0, slotNumber=2, level=Level 1, isAvailable=true, vehicleType=Car)]
2024-12-06T11:10:00.739+05:30 DEBUG 21236 --- [smartparking] [http-nio-8080-exec-1] c.e.smartparking.aspect.LoggingAspect    : Service method finished: ParkingSlot com.example.smartparking.service.ParkingServiceimpl.addSlot(ParkingSlot) with result: ParkingSlot(id=3, slotNumber=2, level=Level 1, isAvailable=true, vehicleType=Car)
2024-12-06T11:10:00.739+05:30  INFO 21236 --- [smartparking] [http-nio-8080-exec-1] c.e.smartparking.aspect.LoggingAspect    : Exiting method: ParkingSlot com.example.smartparking.controller.ParkingController.addslot(ParkingSlot) with result: ParkingSlot(id=3, slotNumber=2, level=Level 1, isAvailable=true, vehicleType=Car)
2024-12-06T11:10:20.054+05:30  INFO 21236 --- [smartparking] [http-nio-8080-exec-2] c.e.smartparking.aspect.LoggingAspect    : Entering method: Bill com.example.smartparking.controller.BillController.getBill(Long) with arguments: [1]
2024-12-06T11:10:20.054+05:30 DEBUG 21236 --- [smartparking] [http-nio-8080-exec-2] c.e.smartparking.aspect.LoggingAspect    : Service method invoked: Bill com.example.smartparking.service.BillServiceimpl.getBill(Long) with arguments: [1]
2024-12-06T11:10:20.061+05:30 DEBUG 21236 --- [smartparking] [http-nio-8080-exec-2] c.e.smartparking.aspect.LoggingAspect    : Service method finished: Bill com.example.smartparking.service.BillServiceimpl.getBill(Long) with result: Bill(id=1, reservation=Reservation(id=1, user=null, parkingSlot=ParkingSlot(id=1, slotNumber=1, level=Level 1, isAvailable=false, vehicleType=Bike), vehicleNumber=MH12AB1234, startTime=2024-12-05T09:00, endTime=2024-12-05T12:00, status=Active), amount=3.0, paymentStatus=Unpaid)
2024-12-06T11:10:20.062+05:30  INFO 21236 --- [smartparking] [http-nio-8080-exec-2] c.e.smartparking.aspect.LoggingAspect    : Exiting method: Bill com.example.smartparking.controller.BillController.getBill(Long) with result: Bill(id=1, reservation=Reservation(id=1, user=null, parkingSlot=ParkingSlot(id=1, slotNumber=1, level=Level 1, isAvailable=false, vehicleType=Bike), vehicleNumber=MH12AB1234, startTime=2024-12-05T09:00, endTime=2024-12-05T12:00, status=Active), amount=3.0, paymentStatus=Unpaid)
2024-12-06T11:10:26.758+05:30  INFO 21236 --- [smartparking] [http-nio-8080-exec-3] c.e.smartparking.aspect.LoggingAspect    : Entering method: Bill com.example.smartparking.controller.BillController.getBill(Long) with arguments: [2]
2024-12-06T11:10:26.758+05:30 DEBUG 21236 --- [smartparking] [http-nio-8080-exec-3] c.e.smartparking.aspect.LoggingAspect    : Service method invoked: Bill com.example.smartparking.service.BillServiceimpl.getBill(Long) with arguments: [2]
2024-12-06T11:10:26.763+05:30 ERROR 21236 --- [smartparking] [http-nio-8080-exec-3] c.e.smartparking.aspect.LoggingAspect    : Exception in method: Bill com.example.smartparking.controller.BillController.getBill(Long) with message: Bill is not generated yet
2024-12-06T11:10:30.870+05:30  INFO 21236 --- [smartparking] [http-nio-8080-exec-5] c.e.smartparking.aspect.LoggingAspect    : Entering method: Bill com.example.smartparking.controller.BillController.getBill(Long) with arguments: [1]
2024-12-06T11:10:30.870+05:30 DEBUG 21236 --- [smartparking] [http-nio-8080-exec-5] c.e.smartparking.aspect.LoggingAspect    : Service method invoked: Bill com.example.smartparking.service.BillServiceimpl.getBill(Long) with arguments: [1]
2024-12-06T11:10:30.873+05:30 DEBUG 21236 --- [smartparking] [http-nio-8080-exec-5] c.e.smartparking.aspect.LoggingAspect    : Service method finished: Bill com.example.smartparking.service.BillServiceimpl.getBill(Long) with result: Bill(id=1, reservation=Reservation(id=1, user=null, parkingSlot=ParkingSlot(id=1, slotNumber=1, level=Level 1, isAvailable=false, vehicleType=Bike), vehicleNumber=MH12AB1234, startTime=2024-12-05T09:00, endTime=2024-12-05T12:00, status=Active), amount=3.0, paymentStatus=Unpaid)
2024-12-06T11:10:30.874+05:30  INFO 21236 --- [smartparking] [http-nio-8080-exec-5] c.e.smartparking.aspect.LoggingAspect    : Exiting method: Bill com.example.smartparking.controller.BillController.getBill(Long) with result: Bill(id=1, reservation=Reservation(id=1, user=null, parkingSlot=ParkingSlot(id=1, slotNumber=1, level=Level 1, isAvailable=false, vehicleType=Bike), vehicleNumber=MH12AB1234, startTime=2024-12-05T09:00, endTime=2024-12-05T12:00, status=Active), amount=3.0, paymentStatus=Unpaid)
2024-12-06T11:11:02.714+05:30  INFO 21236 --- [smartparking] [http-nio-8080-exec-10] c.e.smartparking.aspect.LoggingAspect    : Entering method: Reservation com.example.smartparking.controller.ReservationController.createReservation(ReservationDTO) with arguments: [com.example.smartparking.dto.ReservationDTO@3f0a3980]
2024-12-06T11:11:02.715+05:30 DEBUG 21236 --- [smartparking] [http-nio-8080-exec-10] c.e.smartparking.aspect.LoggingAspect    : Service method invoked: Reservation com.example.smartparking.service.ReservationServiceimpl.createReservation(Long,Long,String,LocalDateTime,LocalDateTime) with arguments: [1, 1, MH12AB1234, 2024-12-05T09:00, 2024-12-05T12:00]
2024-12-06T11:11:02.715+05:30 DEBUG 21236 --- [smartparking] [http-nio-8080-exec-10] c.e.smartparking.aspect.LoggingAspect    : Service method invoked: ParkingSlot com.example.smartparking.service.ParkingServiceimpl.reservationParking(long) with arguments: [1]
2024-12-06T11:11:02.719+05:30 DEBUG 21236 --- [smartparking] [http-nio-8080-exec-10] c.e.smartparking.aspect.LoggingAspect    : Service method finished: ParkingSlot com.example.smartparking.service.ParkingServiceimpl.reservationParking(long) with result: ParkingSlot(id=1, slotNumber=1, level=Level 1, isAvailable=false, vehicleType=Bike)
2024-12-06T11:11:02.719+05:30 DEBUG 21236 --- [smartparking] [http-nio-8080-exec-10] c.e.smartparking.aspect.LoggingAspect    : Service method invoked: User com.example.smartparking.service.UserServiceimpl.getUserById(Long) with arguments: [1]
2024-12-06T11:11:02.721+05:30 DEBUG 21236 --- [smartparking] [http-nio-8080-exec-10] c.e.smartparking.aspect.LoggingAspect    : Service method finished: User com.example.smartparking.service.UserServiceimpl.getUserById(Long) with result: User(id=1, name=Smit  deore, email=deorepushpakk@gmail.com, phone=8080685915, reservations=[], registeredVehicles=[MH12AB1234, MH131415])
2024-12-06T11:11:02.727+05:30 DEBUG 21236 --- [smartparking] [http-nio-8080-exec-10] c.e.smartparking.aspect.LoggingAspect    : Service method invoked: Bill com.example.smartparking.service.BillServiceimpl.generateBill(Reservation) with arguments: [Reservation(id=2, user=null, parkingSlot=ParkingSlot(id=1, slotNumber=1, level=Level 1, isAvailable=false, vehicleType=Bike), vehicleNumber=MH12AB1234, startTime=2024-12-05T09:00, endTime=2024-12-05T12:00, status=Active)]
2024-12-06T11:11:02.732+05:30 DEBUG 21236 --- [smartparking] [http-nio-8080-exec-10] c.e.smartparking.aspect.LoggingAspect    : Service method finished: Bill com.example.smartparking.service.BillServiceimpl.generateBill(Reservation) with result: Bill(id=2, reservation=Reservation(id=2, user=null, parkingSlot=ParkingSlot(id=1, slotNumber=1, level=Level 1, isAvailable=false, vehicleType=Bike), vehicleNumber=MH12AB1234, startTime=2024-12-05T09:00, endTime=2024-12-05T12:00, status=Active), amount=3.0, paymentStatus=Unpaid)
2024-12-06T11:11:02.732+05:30 DEBUG 21236 --- [smartparking] [http-nio-8080-exec-10] c.e.smartparking.aspect.LoggingAspect    : Service method finished: Reservation com.example.smartparking.service.ReservationServiceimpl.createReservation(Long,Long,String,LocalDateTime,LocalDateTime) with result: Reservation(id=2, user=null, parkingSlot=ParkingSlot(id=1, slotNumber=1, level=Level 1, isAvailable=false, vehicleType=Bike), vehicleNumber=MH12AB1234, startTime=2024-12-05T09:00, endTime=2024-12-05T12:00, status=Active)
2024-12-06T11:11:02.732+05:30  INFO 21236 --- [smartparking] [http-nio-8080-exec-10] c.e.smartparking.aspect.LoggingAspect    : Exiting method: Reservation com.example.smartparking.controller.ReservationController.createReservation(ReservationDTO) with result: Reservation(id=2, user=null, parkingSlot=ParkingSlot(id=1, slotNumber=1, level=Level 1, isAvailable=false, vehicleType=Bike), vehicleNumber=MH12AB1234, startTime=2024-12-05T09:00, endTime=2024-12-05T12:00, status=Active)
2024-12-06T11:11:16.003+05:30  INFO 21236 --- [smartparking] [http-nio-8080-exec-1] c.e.smartparking.aspect.LoggingAspect    : Entering method: Bill com.example.smartparking.controller.BillController.getBill(Long) with arguments: [1]
2024-12-06T11:11:16.003+05:30 DEBUG 21236 --- [smartparking] [http-nio-8080-exec-1] c.e.smartparking.aspect.LoggingAspect    : Service method invoked: Bill com.example.smartparking.service.BillServiceimpl.getBill(Long) with arguments: [1]
2024-12-06T11:11:16.006+05:30 DEBUG 21236 --- [smartparking] [http-nio-8080-exec-1] c.e.smartparking.aspect.LoggingAspect    : Service method finished: Bill com.example.smartparking.service.BillServiceimpl.getBill(Long) with result: Bill(id=1, reservation=Reservation(id=1, user=null, parkingSlot=ParkingSlot(id=1, slotNumber=1, level=Level 1, isAvailable=false, vehicleType=Bike), vehicleNumber=MH12AB1234, startTime=2024-12-05T09:00, endTime=2024-12-05T12:00, status=Active), amount=3.0, paymentStatus=Unpaid)
2024-12-06T11:11:16.006+05:30  INFO 21236 --- [smartparking] [http-nio-8080-exec-1] c.e.smartparking.aspect.LoggingAspect    : Exiting method: Bill com.example.smartparking.controller.BillController.getBill(Long) with result: Bill(id=1, reservation=Reservation(id=1, user=null, parkingSlot=ParkingSlot(id=1, slotNumber=1, level=Level 1, isAvailable=false, vehicleType=Bike), vehicleNumber=MH12AB1234, startTime=2024-12-05T09:00, endTime=2024-12-05T12:00, status=Active), amount=3.0, paymentStatus=Unpaid)
2024-12-06T11:11:20.299+05:30  INFO 21236 --- [smartparking] [http-nio-8080-exec-2] c.e.smartparking.aspect.LoggingAspect    : Entering method: Bill com.example.smartparking.controller.BillController.getBill(Long) with arguments: [2]
2024-12-06T11:11:20.300+05:30 DEBUG 21236 --- [smartparking] [http-nio-8080-exec-2] c.e.smartparking.aspect.LoggingAspect    : Service method invoked: Bill com.example.smartparking.service.BillServiceimpl.getBill(Long) with arguments: [2]
2024-12-06T11:11:20.304+05:30 DEBUG 21236 --- [smartparking] [http-nio-8080-exec-2] c.e.smartparking.aspect.LoggingAspect    : Service method finished: Bill com.example.smartparking.service.BillServiceimpl.getBill(Long) with result: Bill(id=2, reservation=Reservation(id=2, user=null, parkingSlot=ParkingSlot(id=1, slotNumber=1, level=Level 1, isAvailable=false, vehicleType=Bike), vehicleNumber=MH12AB1234, startTime=2024-12-05T09:00, endTime=2024-12-05T12:00, status=Active), amount=3.0, paymentStatus=Unpaid)
2024-12-06T11:11:20.304+05:30  INFO 21236 --- [smartparking] [http-nio-8080-exec-2] c.e.smartparking.aspect.LoggingAspect    : Exiting method: Bill com.example.smartparking.controller.BillController.getBill(Long) with result: Bill(id=2, reservation=Reservation(id=2, user=null, parkingSlot=ParkingSlot(id=1, slotNumber=1, level=Level 1, isAvailable=false, vehicleType=Bike), vehicleNumber=MH12AB1234, startTime=2024-12-05T09:00, endTime=2024-12-05T12:00, status=Active), amount=3.0, paymentStatus=Unpaid)
2024-12-06T11:11:27.285+05:30  INFO 21236 --- [smartparking] [http-nio-8080-exec-3] c.e.smartparking.aspect.LoggingAspect    : Entering method: Bill com.example.smartparking.controller.BillController.getBill(Long) with arguments: [3]
2024-12-06T11:11:27.285+05:30 DEBUG 21236 --- [smartparking] [http-nio-8080-exec-3] c.e.smartparking.aspect.LoggingAspect    : Service method invoked: Bill com.example.smartparking.service.BillServiceimpl.getBill(Long) with arguments: [3]
2024-12-06T11:11:27.287+05:30 ERROR 21236 --- [smartparking] [http-nio-8080-exec-3] c.e.smartparking.aspect.LoggingAspect    : Exception in method: Bill com.example.smartparking.controller.BillController.getBill(Long) with message: Bill is not generated yet
2024-12-06T11:11:40.233+05:30  INFO 21236 --- [smartparking] [http-nio-8080-exec-5] c.e.smartparking.aspect.LoggingAspect    : Entering method: Reservation com.example.smartparking.controller.ReservationController.createReservation(ReservationDTO) with arguments: [com.example.smartparking.dto.ReservationDTO@560832ea]
2024-12-06T11:11:40.233+05:30 DEBUG 21236 --- [smartparking] [http-nio-8080-exec-5] c.e.smartparking.aspect.LoggingAspect    : Service method invoked: Reservation com.example.smartparking.service.ReservationServiceimpl.createReservation(Long,Long,String,LocalDateTime,LocalDateTime) with arguments: [1, 2, MH12AB1234, 2024-12-05T09:00, 2024-12-05T12:00]
2024-12-06T11:11:40.233+05:30 DEBUG 21236 --- [smartparking] [http-nio-8080-exec-5] c.e.smartparking.aspect.LoggingAspect    : Service method invoked: ParkingSlot com.example.smartparking.service.ParkingServiceimpl.reservationParking(long) with arguments: [2]
2024-12-06T11:11:40.239+05:30 DEBUG 21236 --- [smartparking] [http-nio-8080-exec-5] c.e.smartparking.aspect.LoggingAspect    : Service method finished: ParkingSlot com.example.smartparking.service.ParkingServiceimpl.reservationParking(long) with result: ParkingSlot(id=2, slotNumber=2, level=Level 1, isAvailable=false, vehicleType=Car)
2024-12-06T11:11:40.239+05:30 DEBUG 21236 --- [smartparking] [http-nio-8080-exec-5] c.e.smartparking.aspect.LoggingAspect    : Service method invoked: User com.example.smartparking.service.UserServiceimpl.getUserById(Long) with arguments: [1]
2024-12-06T11:11:40.243+05:30 DEBUG 21236 --- [smartparking] [http-nio-8080-exec-5] c.e.smartparking.aspect.LoggingAspect    : Service method finished: User com.example.smartparking.service.UserServiceimpl.getUserById(Long) with result: User(id=1, name=Smit  deore, email=deorepushpakk@gmail.com, phone=8080685915, reservations=[], registeredVehicles=[MH12AB1234, MH131415])
2024-12-06T11:11:40.248+05:30 DEBUG 21236 --- [smartparking] [http-nio-8080-exec-5] c.e.smartparking.aspect.LoggingAspect    : Service method invoked: Bill com.example.smartparking.service.BillServiceimpl.generateBill(Reservation) with arguments: [Reservation(id=3, user=null, parkingSlot=ParkingSlot(id=2, slotNumber=2, level=Level 1, isAvailable=false, vehicleType=Car), vehicleNumber=MH12AB1234, startTime=2024-12-05T09:00, endTime=2024-12-05T12:00, status=Active)]
2024-12-06T11:11:40.251+05:30 DEBUG 21236 --- [smartparking] [http-nio-8080-exec-5] c.e.smartparking.aspect.LoggingAspect    : Service method finished: Bill com.example.smartparking.service.BillServiceimpl.generateBill(Reservation) with result: Bill(id=3, reservation=Reservation(id=3, user=null, parkingSlot=ParkingSlot(id=2, slotNumber=2, level=Level 1, isAvailable=false, vehicleType=Car), vehicleNumber=MH12AB1234, startTime=2024-12-05T09:00, endTime=2024-12-05T12:00, status=Active), amount=9.0, paymentStatus=Unpaid)
2024-12-06T11:11:40.251+05:30 DEBUG 21236 --- [smartparking] [http-nio-8080-exec-5] c.e.smartparking.aspect.LoggingAspect    : Service method finished: Reservation com.example.smartparking.service.ReservationServiceimpl.createReservation(Long,Long,String,LocalDateTime,LocalDateTime) with result: Reservation(id=3, user=null, parkingSlot=ParkingSlot(id=2, slotNumber=2, level=Level 1, isAvailable=false, vehicleType=Car), vehicleNumber=MH12AB1234, startTime=2024-12-05T09:00, endTime=2024-12-05T12:00, status=Active)
2024-12-06T11:11:40.251+05:30  INFO 21236 --- [smartparking] [http-nio-8080-exec-5] c.e.smartparking.aspect.LoggingAspect    : Exiting method: Reservation com.example.smartparking.controller.ReservationController.createReservation(ReservationDTO) with result: Reservation(id=3, user=null, parkingSlot=ParkingSlot(id=2, slotNumber=2, level=Level 1, isAvailable=false, vehicleType=Car), vehicleNumber=MH12AB1234, startTime=2024-12-05T09:00, endTime=2024-12-05T12:00, status=Active)
2024-12-06T11:11:57.439+05:30  INFO 21236 --- [smartparking] [http-nio-8080-exec-8] c.e.smartparking.aspect.LoggingAspect    : Entering method: Bill com.example.smartparking.controller.BillController.getBill(Long) with arguments: [3]
2024-12-06T11:11:57.439+05:30 DEBUG 21236 --- [smartparking] [http-nio-8080-exec-8] c.e.smartparking.aspect.LoggingAspect    : Service method invoked: Bill com.example.smartparking.service.BillServiceimpl.getBill(Long) with arguments: [3]
2024-12-06T11:11:57.443+05:30 DEBUG 21236 --- [smartparking] [http-nio-8080-exec-8] c.e.smartparking.aspect.LoggingAspect    : Service method finished: Bill com.example.smartparking.service.BillServiceimpl.getBill(Long) with result: Bill(id=3, reservation=Reservation(id=3, user=null, parkingSlot=ParkingSlot(id=2, slotNumber=2, level=Level 1, isAvailable=false, vehicleType=Car), vehicleNumber=MH12AB1234, startTime=2024-12-05T09:00, endTime=2024-12-05T12:00, status=Active), amount=9.0, paymentStatus=Unpaid)
2024-12-06T11:11:57.444+05:30  INFO 21236 --- [smartparking] [http-nio-8080-exec-8] c.e.smartparking.aspect.LoggingAspect    : Exiting method: Bill com.example.smartparking.controller.BillController.getBill(Long) with result: Bill(id=3, reservation=Reservation(id=3, user=null, parkingSlot=ParkingSlot(id=2, slotNumber=2, level=Level 1, isAvailable=false, vehicleType=Car), vehicleNumber=MH12AB1234, startTime=2024-12-05T09:00, endTime=2024-12-05T12:00, status=Active), amount=9.0, paymentStatus=Unpaid)
2024-12-06T11:12:06.565+05:30  INFO 21236 --- [smartparking] [http-nio-8080-exec-9] c.e.smartparking.aspect.LoggingAspect    : Entering method: Bill com.example.smartparking.controller.BillController.payBill(Long) with arguments: [3]
2024-12-06T11:12:06.566+05:30 DEBUG 21236 --- [smartparking] [http-nio-8080-exec-9] c.e.smartparking.aspect.LoggingAspect    : Service method invoked: Bill com.example.smartparking.service.BillServiceimpl.payBill(Long) with arguments: [3]
2024-12-06T11:12:06.571+05:30 DEBUG 21236 --- [smartparking] [http-nio-8080-exec-9] c.e.smartparking.aspect.LoggingAspect    : Service method finished: Bill com.example.smartparking.service.BillServiceimpl.payBill(Long) with result: Bill(id=3, reservation=Reservation(id=3, user=null, parkingSlot=ParkingSlot(id=2, slotNumber=2, level=Level 1, isAvailable=false, vehicleType=Car), vehicleNumber=MH12AB1234, startTime=2024-12-05T09:00, endTime=2024-12-05T12:00, status=Active), amount=9.0, paymentStatus=paid)
2024-12-06T11:12:06.571+05:30  INFO 21236 --- [smartparking] [http-nio-8080-exec-9] c.e.smartparking.aspect.LoggingAspect    : Exiting method: Bill com.example.smartparking.controller.BillController.payBill(Long) with result: Bill(id=3, reservation=Reservation(id=3, user=null, parkingSlot=ParkingSlot(id=2, slotNumber=2, level=Level 1, isAvailable=false, vehicleType=Car), vehicleNumber=MH12AB1234, startTime=2024-12-05T09:00, endTime=2024-12-05T12:00, status=Active), amount=9.0, paymentStatus=paid)
2024-12-06T11:12:14.965+05:30  INFO 21236 --- [smartparking] [SpringApplicationShutdownHook] o.s.b.w.e.tomcat.GracefulShutdown        : Commencing graceful shutdown. Waiting for active requests to complete
2024-12-06T11:12:15.130+05:30  INFO 21236 --- [smartparking] [tomcat-shutdown] o.s.b.w.e.tomcat.GracefulShutdown        : Graceful shutdown complete
2024-12-06T11:12:15.133+05:30  INFO 21236 --- [smartparking] [SpringApplicationShutdownHook] j.LocalContainerEntityManagerFactoryBean : Closing JPA EntityManagerFactory for persistence unit 'default'
2024-12-06T11:12:15.135+05:30  INFO 21236 --- [smartparking] [SpringApplicationShutdownHook] com.zaxxer.hikari.HikariDataSource       : HikariPool-1 - Shutdown initiated...
2024-12-06T11:12:15.141+05:30  INFO 21236 --- [smartparking] [SpringApplicationShutdownHook] com.zaxxer.hikari.HikariDataSource       : HikariPool-1 - Shutdown completed.
2024-12-06T11:34:50.108+05:30  INFO 13260 --- [smartparking] [main] c.e.s.SmartparkingApplication            : Starting SmartparkingApplication using Java 18.0.2 with PID 13260 (C:\Users\PUSHPAK\Downloads\smartparking\smartparking\target\classes started by PUSHPAK in C:\Users\PUSHPAK\Downloads\smartparking\smartparking)
2024-12-06T11:34:50.110+05:30 DEBUG 13260 --- [smartparking] [main] c.e.s.SmartparkingApplication            : Running with Spring Boot v3.4.0, Spring v6.2.0
2024-12-06T11:34:50.111+05:30  INFO 13260 --- [smartparking] [main] c.e.s.SmartparkingApplication            : The following 1 profile is active: "sql"
2024-12-06T11:34:50.821+05:30  INFO 13260 --- [smartparking] [main] .s.d.r.c.RepositoryConfigurationDelegate : Bootstrapping Spring Data JPA repositories in DEFAULT mode.
2024-12-06T11:34:50.886+05:30  INFO 13260 --- [smartparking] [main] .s.d.r.c.RepositoryConfigurationDelegate : Finished Spring Data repository scanning in 55 ms. Found 4 JPA repository interfaces.
2024-12-06T11:34:51.679+05:30  INFO 13260 --- [smartparking] [main] o.s.b.w.embedded.tomcat.TomcatWebServer  : Tomcat initialized with port 8080 (http)
2024-12-06T11:34:51.695+05:30  INFO 13260 --- [smartparking] [main] o.apache.catalina.core.StandardService   : Starting service [Tomcat]
2024-12-06T11:34:51.695+05:30  INFO 13260 --- [smartparking] [main] o.apache.catalina.core.StandardEngine    : Starting Servlet engine: [Apache Tomcat/10.1.33]
2024-12-06T11:34:51.753+05:30  INFO 13260 --- [smartparking] [main] o.a.c.c.C.[Tomcat].[localhost].[/]       : Initializing Spring embedded WebApplicationContext
2024-12-06T11:34:51.753+05:30  INFO 13260 --- [smartparking] [main] w.s.c.ServletWebServerApplicationContext : Root WebApplicationContext: initialization completed in 1598 ms
2024-12-06T11:34:52.029+05:30  INFO 13260 --- [smartparking] [main] o.hibernate.jpa.internal.util.LogHelper  : HHH000204: Processing PersistenceUnitInfo [name: default]
2024-12-06T11:34:52.097+05:30  INFO 13260 --- [smartparking] [main] org.hibernate.Version                    : HHH000412: Hibernate ORM core version 6.6.2.Final
2024-12-06T11:34:52.145+05:30  INFO 13260 --- [smartparking] [main] o.h.c.internal.RegionFactoryInitiator    : HHH000026: Second-level cache disabled
2024-12-06T11:34:52.427+05:30  INFO 13260 --- [smartparking] [main] o.s.o.j.p.SpringPersistenceUnitInfo      : No LoadTimeWeaver setup: ignoring JPA class transformer
2024-12-06T11:34:52.455+05:30  INFO 13260 --- [smartparking] [main] com.zaxxer.hikari.HikariDataSource       : HikariPool-1 - Starting...
2024-12-06T11:34:52.774+05:30  INFO 13260 --- [smartparking] [main] com.zaxxer.hikari.pool.HikariPool        : HikariPool-1 - Added connection com.mysql.cj.jdbc.ConnectionImpl@52856ff9
2024-12-06T11:34:52.776+05:30  INFO 13260 --- [smartparking] [main] com.zaxxer.hikari.HikariDataSource       : HikariPool-1 - Start completed.
2024-12-06T11:34:52.850+05:30  INFO 13260 --- [smartparking] [main] org.hibernate.orm.connections.pooling    : HHH10001005: Database info:
	Database JDBC URL [Connecting through datasource 'HikariDataSource (HikariPool-1)']
	Database driver: undefined/unknown
	Database version: 8.0.30
	Autocommit mode: undefined/unknown
	Isolation level: undefined/unknown
	Minimum pool size: undefined/unknown
	Maximum pool size: undefined/unknown
2024-12-06T11:34:53.779+05:30  INFO 13260 --- [smartparking] [main] o.h.e.t.j.p.i.JtaPlatformInitiator       : HHH000489: No JTA platform available (set 'hibernate.transaction.jta.platform' to enable JTA platform integration)
2024-12-06T11:34:54.050+05:30  INFO 13260 --- [smartparking] [main] j.LocalContainerEntityManagerFactoryBean : Initialized JPA EntityManagerFactory for persistence unit 'default'
2024-12-06T11:34:54.857+05:30  WARN 13260 --- [smartparking] [main] JpaBaseConfiguration$JpaWebConfiguration : spring.jpa.open-in-view is enabled by default. Therefore, database queries may be performed during view rendering. Explicitly configure spring.jpa.open-in-view to disable this warning
2024-12-06T11:34:55.529+05:30  INFO 13260 --- [smartparking] [main] o.s.b.w.embedded.tomcat.TomcatWebServer  : Tomcat started on port 8080 (http) with context path '/'
2024-12-06T11:34:55.538+05:30  INFO 13260 --- [smartparking] [main] c.e.s.SmartparkingApplication            : Started SmartparkingApplication in 5.9 seconds (process running for 6.274)
2024-12-06T11:40:23.729+05:30  INFO 13260 --- [smartparking] [SpringApplicationShutdownHook] o.s.b.w.e.tomcat.GracefulShutdown        : Commencing graceful shutdown. Waiting for active requests to complete
2024-12-06T11:40:23.896+05:30  INFO 13260 --- [smartparking] [tomcat-shutdown] o.s.b.w.e.tomcat.GracefulShutdown        : Graceful shutdown complete
2024-12-06T11:40:23.899+05:30  INFO 13260 --- [smartparking] [SpringApplicationShutdownHook] j.LocalContainerEntityManagerFactoryBean : Closing JPA EntityManagerFactory for persistence unit 'default'
2024-12-06T11:40:23.901+05:30  INFO 13260 --- [smartparking] [SpringApplicationShutdownHook] com.zaxxer.hikari.HikariDataSource       : HikariPool-1 - Shutdown initiated...
2024-12-06T11:40:23.909+05:30  INFO 13260 --- [smartparking] [SpringApplicationShutdownHook] com.zaxxer.hikari.HikariDataSource       : HikariPool-1 - Shutdown completed.
